<?xml version="1.0" encoding="UTF-8"?>
<testsuite xmlns:xsi="http://www.w3.org/2001/XMLSchema-instance" xsi:noNamespaceSchemaLocation="https://maven.apache.org/surefire/maven-surefire-plugin/xsd/surefire-test-report-3.0.xsd" version="3.0" name="TestSuite" time="208.974" tests="9" errors="0" skipped="0" failures="2">
  <properties>
[...]
</properties>
  <testcase name="registerSuccess[HAPPY, Alice, Smith, alice.smith@example.com, 1234567890, SecurePass1, SecurePass1, Registration successful](1)" classname="com.opencart.tests.RegisterTest" time="22.002">
    <system-out><![CDATA[Reset login attempt thành công
[INFO] 03-04-2026 20:37:10 [main] Log - Kh?i t?o trình duy?t: chrome
[INFO] 03-04-2026 20:37:33 [main] Log - Running test case registerSuccess
width1536
height864
Đã ghi hình: registerSuccess
[INFO] 03-04-2026 20:37:37 [main] Log - ?ang xác th?c giá tr? ?úng...

[INFO] 03-04-2026 20:37:37 [main] Log - Giá tr? ?úng
[INFO] 03-04-2026 20:37:37 [main] Log - Cu?n t?i ph?n t?: [[ChromeDriver: chrome on windows (a3e4375ee57cf31b37dd1b038fc67666)] -> xpath: //legend[normalize-space()='Your Personal Details']]
[INFO] 03-04-2026 20:37:38 [main] Log - Cu?n t?i ph?n t?: [[ChromeDriver: chrome on windows (a3e4375ee57cf31b37dd1b038fc67666)] -> xpath: //legend[normalize-space()='Your Password']]
TITLE = [Your Account Has Been Created!]
[INFO] 03-04-2026 20:37:44 [main] Log - ?ang xác th?c giá tr? ?úng...

[INFO] 03-04-2026 20:37:44 [main] Log - Giá tr? ?úng
[INFO] 03-04-2026 20:37:44 [main] Log - Cu?n t?i ph?n t?: [[ChromeDriver: chrome on windows (a3e4375ee57cf31b37dd1b038fc67666)] -> xpath: //a[@class='list-group-item'][normalize-space()='Logout']]
[INFO] 03-04-2026 20:37:46 [main] Log - Test case registerSuccess is passed.
Đã chuyển đổi: D:\actions-runner\_work\AutomationOpenCart\AutomationOpenCart\export\videos\registerSuccess\registerSuccess_03-04-2026 20-37-34.mp4
]]></system-out>
    <system-err><![CDATA[Apr 03, 2026 8:37:15 PM org.openqa.selenium.devtools.CdpVersionFinder findNearestMatch
WARNING: Unable to find CDP implementation matching 146
Apr 03, 2026 8:37:15 PM org.openqa.selenium.chromium.ChromiumDriver lambda$new$4
WARNING: Unable to find version of CDP to use for 146.0.7680.178. You may need to include a dependency on a specific version of the CDP using something similar to `org.seleniumhq.selenium:selenium-devtools-v86:4.29.0` where the version ("v86") matches the version of the chromium-based browser you're using and the version number of the artifact is the same as Selenium's.
]]></system-err>
  </testcase>
  <testcase name="registerNegativeBoundary[NEGATIVE, Bob, Brown, john068@mail.com, 1234567, Pass1234, Pass1234, Warning: E-Mail Address is already registered!](1)" classname="com.opencart.tests.RegisterTest" time="11.268">
    <system-out><![CDATA[[INFO] 03-04-2026 20:37:56 [main] Log - Running test case registerNegativeBoundary
width1536
height864
Đã ghi hình: registerNegativeBoundary
[INFO] 03-04-2026 20:37:58 [main] Log - Cu?n t?i ph?n t?: [[ChromeDriver: chrome on windows (a3e4375ee57cf31b37dd1b038fc67666)] -> xpath: //legend[normalize-space()='Your Personal Details']]
[INFO] 03-04-2026 20:37:59 [main] Log - Cu?n t?i ph?n t?: [[ChromeDriver: chrome on windows (a3e4375ee57cf31b37dd1b038fc67666)] -> xpath: //legend[normalize-space()='Your Password']]
[INFO] 03-04-2026 20:38:06 [main] Log - Thông báo l?i: [Warning: E-Mail Address is already registered!]
[INFO] 03-04-2026 20:38:06 [main] Log - Test case registerNegativeBoundary is passed.
Đã chuyển đổi: D:\actions-runner\_work\AutomationOpenCart\AutomationOpenCart\export\videos\registerNegativeBoundary\registerNegativeBoundary_03-04-2026 20-37-56.mp4
]]></system-out>
  </testcase>
  <testcase name="registerNegativeBoundary[NEGATIVE, Carol, White, carol white@mail.com, 2345678, Pass5678, Pass5678, A part followed by &apos;@&apos; should not contain the symbol &apos; &apos;.](2)" classname="com.opencart.tests.RegisterTest" time="17.989">
    <system-out><![CDATA[[INFO] 03-04-2026 20:38:08 [main] Log - Running test case registerNegativeBoundary
width1536
height864
Đã ghi hình: registerNegativeBoundary
[INFO] 03-04-2026 20:38:09 [main] Log - Cu?n t?i ph?n t?: [[ChromeDriver: chrome on windows (a3e4375ee57cf31b37dd1b038fc67666)] -> xpath: //legend[normalize-space()='Your Personal Details']]
[INFO] 03-04-2026 20:38:10 [main] Log - Cu?n t?i ph?n t?: [[ChromeDriver: chrome on windows (a3e4375ee57cf31b37dd1b038fc67666)] -> xpath: //legend[normalize-space()='Your Password']]
[INFO] 03-04-2026 20:38:22 [main] Log - Thông báo l?i: [A part followed by '@' should not contain the symbol ' '.]
[INFO] 03-04-2026 20:38:22 [main] Log - Test case registerNegativeBoundary is passed.
Đã chuyển đổi: D:\actions-runner\_work\AutomationOpenCart\AutomationOpenCart\export\videos\registerNegativeBoundary\registerNegativeBoundary_03-04-2026 20-38-08.mp4
]]></system-out>
  </testcase>
  <testcase name="registerNegativeBoundary[NEGATIVE, David, Green, david.greenmail.com, 3456789, Pass9012, Pass9012, Please include an &apos;@&apos; in the email address. &apos;david.greenmail.com&apos; is missing an &apos;@&apos;.](3)" classname="com.opencart.tests.RegisterTest" time="20.022">
    <system-out><![CDATA[[INFO] 03-04-2026 20:38:26 [main] Log - Running test case registerNegativeBoundary
width1536
height864
Đã ghi hình: registerNegativeBoundary
[INFO] 03-04-2026 20:38:27 [main] Log - Cu?n t?i ph?n t?: [[ChromeDriver: chrome on windows (a3e4375ee57cf31b37dd1b038fc67666)] -> xpath: //legend[normalize-space()='Your Personal Details']]
[INFO] 03-04-2026 20:38:29 [main] Log - Cu?n t?i ph?n t?: [[ChromeDriver: chrome on windows (a3e4375ee57cf31b37dd1b038fc67666)] -> xpath: //legend[normalize-space()='Your Password']]
[INFO] 03-04-2026 20:38:40 [main] Log - Thông báo l?i: [Please include an '@' in the email address. 'david.greenmail.com' is missing an '@'.]
[INFO] 03-04-2026 20:38:40 [main] Log - Test case registerNegativeBoundary is passed.
Đã chuyển đổi: D:\actions-runner\_work\AutomationOpenCart\AutomationOpenCart\export\videos\registerNegativeBoundary\registerNegativeBoundary_03-04-2026 20-38-26.mp4
]]></system-out>
  </testcase>
  <testcase name="registerNegativeBoundary[NEGATIVE, Frank, Gray, frank.gray@example.com, abcde12345, Pass7890, Pass7890, Telephone must be between 3 and 32 characters!](4)" classname="com.opencart.tests.RegisterTest" time="30.007">
    <failure message="Lỗi mong muốn không tìm thấy: Telephone must be between 3 and 32 characters!&#10;Thông báo thực tế: [] expected [true] but found [false]" type="java.lang.AssertionError"><![CDATA[java.lang.AssertionError: 
Lỗi mong muốn không tìm thấy: Telephone must be between 3 and 32 characters!
Thông báo thực tế: [] expected [true] but found [false]
	at org.testng.Assert.fail(Assert.java:99)
	at org.testng.Assert.failNotEquals(Assert.java:1037)
	at org.testng.Assert.assertTrue(Assert.java:45)
	at com.opencart.pages.RegisterPage.verifyErrorMessage(RegisterPage.java:194)
	at com.opencart.tests.RegisterTest.registerNegativeBoundary(RegisterTest.java:94)
	at java.base/jdk.internal.reflect.NativeMethodAccessorImpl.invoke0(Native Method)
	at java.base/jdk.internal.reflect.NativeMethodAccessorImpl.invoke(NativeMethodAccessorImpl.java:77)
	at java.base/jdk.internal.reflect.DelegatingMethodAccessorImpl.invoke(DelegatingMethodAccessorImpl.java:43)
	at java.base/java.lang.reflect.Method.invoke(Method.java:569)
	at org.testng.internal.MethodInvocationHelper.invokeMethod(MethodInvocationHelper.java:133)
	at org.testng.internal.TestInvoker.invokeMethod(TestInvoker.java:598)
	at org.testng.internal.TestInvoker.invokeTestMethod(TestInvoker.java:173)
	at org.testng.internal.MethodRunner.runInSequence(MethodRunner.java:46)
	at org.testng.internal.TestInvoker$MethodInvocationAgent.invoke(TestInvoker.java:824)
	at org.testng.internal.TestInvoker.invokeTestMethods(TestInvoker.java:146)
	at org.testng.internal.TestMethodWorker.invokeTestMethods(TestMethodWorker.java:146)
	at org.testng.internal.TestMethodWorker.run(TestMethodWorker.java:128)
	at java.base/java.util.ArrayList.forEach(ArrayList.java:1511)
	at org.testng.TestRunner.privateRun(TestRunner.java:794)
	at org.testng.TestRunner.run(TestRunner.java:596)
	at org.testng.SuiteRunner.runTest(SuiteRunner.java:377)
	at org.testng.SuiteRunner.runSequentially(SuiteRunner.java:371)
	at org.testng.SuiteRunner.privateRun(SuiteRunner.java:332)
	at org.testng.SuiteRunner.run(SuiteRunner.java:276)
	at org.testng.SuiteRunnerWorker.runSuite(SuiteRunnerWorker.java:53)
	at org.testng.SuiteRunnerWorker.run(SuiteRunnerWorker.java:96)
	at org.testng.TestNG.runSuitesSequentially(TestNG.java:1212)
	at org.testng.TestNG.runSuitesLocally(TestNG.java:1134)
	at org.testng.TestNG.runSuites(TestNG.java:1063)
	at org.testng.TestNG.run(TestNG.java:1031)
	at org.apache.maven.surefire.testng.TestNGExecutor.run(TestNGExecutor.java:308)
	at org.apache.maven.surefire.testng.TestNGXmlTestSuite.execute(TestNGXmlTestSuite.java:71)
	at org.apache.maven.surefire.testng.TestNGProvider.invoke(TestNGProvider.java:113)
	at org.apache.maven.surefire.booter.ForkedBooter.runSuitesInProcess(ForkedBooter.java:385)
	at org.apache.maven.surefire.booter.ForkedBooter.execute(ForkedBooter.java:162)
	at org.apache.maven.surefire.booter.ForkedBooter.run(ForkedBooter.java:507)
	at org.apache.maven.surefire.booter.ForkedBooter.main(ForkedBooter.java:495)
]]></failure>
    <system-out><![CDATA[[INFO] 03-04-2026 20:38:46 [main] Log - Running test case registerNegativeBoundary
width1536
height864
Đã ghi hình: registerNegativeBoundary
[INFO] 03-04-2026 20:38:47 [main] Log - Cu?n t?i ph?n t?: [[ChromeDriver: chrome on windows (a3e4375ee57cf31b37dd1b038fc67666)] -> xpath: //legend[normalize-space()='Your Personal Details']]
[INFO] 03-04-2026 20:38:49 [main] Log - Cu?n t?i ph?n t?: [[ChromeDriver: chrome on windows (a3e4375ee57cf31b37dd1b038fc67666)] -> xpath: //legend[normalize-space()='Your Password']]
[INFO] 03-04-2026 20:38:51 [main] Log - Cu?n t?i ph?n t?: [[ChromeDriver: chrome on windows (a3e4375ee57cf31b37dd1b038fc67666)] -> xpath: //a[@class='list-group-item'][normalize-space()='Logout']]
[INFO] 03-04-2026 20:39:09 [main] Log - Thông báo l?i: []
[ERROR] 03-04-2026 20:39:09 [main] Log - Test case registerNegativeBoundary is failed.
Đã chụp hình: registerNegativeBoundary
[ERROR] 03-04-2026 20:39:09 [main] Log - java.lang.AssertionError: L?i mong mu?n không tìm th?y: Telephone must be between 3 and 32 characters!
Thông báo th?c t?: [] expected [true] but found [false]
Đã chuyển đổi: D:\actions-runner\_work\AutomationOpenCart\AutomationOpenCart\export\videos\registerNegativeBoundary\registerNegativeBoundary_03-04-2026 20-38-46.mp4
]]></system-out>
  </testcase>
  <testcase name="registerNegativeBoundary[NEGATIVE, Grace, Hill, grace.hill@example.com, 5678901, Password1, Password2, Password confirmation does not match password!](5)" classname="com.opencart.tests.RegisterTest" time="10.786">
    <system-out><![CDATA[[INFO] 03-04-2026 20:39:16 [main] Log - Running test case registerNegativeBoundary
width1536
height864
Đã ghi hình: registerNegativeBoundary
[INFO] 03-04-2026 20:39:17 [main] Log - Cu?n t?i ph?n t?: [[ChromeDriver: chrome on windows (a3e4375ee57cf31b37dd1b038fc67666)] -> xpath: //legend[normalize-space()='Your Personal Details']]
[INFO] 03-04-2026 20:39:18 [main] Log - Cu?n t?i ph?n t?: [[ChromeDriver: chrome on windows (a3e4375ee57cf31b37dd1b038fc67666)] -> xpath: //legend[normalize-space()='Your Password']]
[INFO] 03-04-2026 20:39:25 [main] Log - Thông báo l?i: [Password confirmation does not match password!]
[INFO] 03-04-2026 20:39:25 [main] Log - Test case registerNegativeBoundary is passed.
Đã chuyển đổi: D:\actions-runner\_work\AutomationOpenCart\AutomationOpenCart\export\videos\registerNegativeBoundary\registerNegativeBoundary_03-04-2026 20-39-16.mp4
]]></system-out>
  </testcase>
  <testcase name="registerNegativeBoundary[NEGATIVE, Hank, Lee, hank.lee@example.com, 6789012, 12345, 12345, Password must be between 6 and 32 characters!](6)" classname="com.opencart.tests.RegisterTest" time="39.198">
    <failure message="Lỗi mong muốn không tìm thấy: Password must be between 6 and 32 characters!&#10;Thông báo thực tế: [] expected [true] but found [false]" type="java.lang.AssertionError"><![CDATA[java.lang.AssertionError: 
Lỗi mong muốn không tìm thấy: Password must be between 6 and 32 characters!
Thông báo thực tế: [] expected [true] but found [false]
	at org.testng.Assert.fail(Assert.java:99)
	at org.testng.Assert.failNotEquals(Assert.java:1037)
	at org.testng.Assert.assertTrue(Assert.java:45)
	at com.opencart.pages.RegisterPage.verifyErrorMessage(RegisterPage.java:194)
	at com.opencart.tests.RegisterTest.registerNegativeBoundary(RegisterTest.java:94)
	at java.base/jdk.internal.reflect.NativeMethodAccessorImpl.invoke0(Native Method)
	at java.base/jdk.internal.reflect.NativeMethodAccessorImpl.invoke(NativeMethodAccessorImpl.java:77)
	at java.base/jdk.internal.reflect.DelegatingMethodAccessorImpl.invoke(DelegatingMethodAccessorImpl.java:43)
	at java.base/java.lang.reflect.Method.invoke(Method.java:569)
	at org.testng.internal.MethodInvocationHelper.invokeMethod(MethodInvocationHelper.java:133)
	at org.testng.internal.TestInvoker.invokeMethod(TestInvoker.java:598)
	at org.testng.internal.TestInvoker.invokeTestMethod(TestInvoker.java:173)
	at org.testng.internal.MethodRunner.runInSequence(MethodRunner.java:46)
	at org.testng.internal.TestInvoker$MethodInvocationAgent.invoke(TestInvoker.java:824)
	at org.testng.internal.TestInvoker.invokeTestMethods(TestInvoker.java:146)
	at org.testng.internal.TestMethodWorker.invokeTestMethods(TestMethodWorker.java:146)
	at org.testng.internal.TestMethodWorker.run(TestMethodWorker.java:128)
	at java.base/java.util.ArrayList.forEach(ArrayList.java:1511)
	at org.testng.TestRunner.privateRun(TestRunner.java:794)
	at org.testng.TestRunner.run(TestRunner.java:596)
	at org.testng.SuiteRunner.runTest(SuiteRunner.java:377)
	at org.testng.SuiteRunner.runSequentially(SuiteRunner.java:371)
	at org.testng.SuiteRunner.privateRun(SuiteRunner.java:332)
	at org.testng.SuiteRunner.run(SuiteRunner.java:276)
	at org.testng.SuiteRunnerWorker.runSuite(SuiteRunnerWorker.java:53)
	at org.testng.SuiteRunnerWorker.run(SuiteRunnerWorker.java:96)
	at org.testng.TestNG.runSuitesSequentially(TestNG.java:1212)
	at org.testng.TestNG.runSuitesLocally(TestNG.java:1134)
	at org.testng.TestNG.runSuites(TestNG.java:1063)
	at org.testng.TestNG.run(TestNG.java:1031)
	at org.apache.maven.surefire.testng.TestNGExecutor.run(TestNGExecutor.java:308)
	at org.apache.maven.surefire.testng.TestNGXmlTestSuite.execute(TestNGXmlTestSuite.java:71)
	at org.apache.maven.surefire.testng.TestNGProvider.invoke(TestNGProvider.java:113)
	at org.apache.maven.surefire.booter.ForkedBooter.runSuitesInProcess(ForkedBooter.java:385)
	at org.apache.maven.surefire.booter.ForkedBooter.execute(ForkedBooter.java:162)
	at org.apache.maven.surefire.booter.ForkedBooter.run(ForkedBooter.java:507)
	at org.apache.maven.surefire.booter.ForkedBooter.main(ForkedBooter.java:495)
]]></failure>
    <system-out><![CDATA[[INFO] 03-04-2026 20:39:27 [main] Log - Running test case registerNegativeBoundary
width1536
height864
Đã ghi hình: registerNegativeBoundary
[INFO] 03-04-2026 20:39:28 [main] Log - Cu?n t?i ph?n t?: [[ChromeDriver: chrome on windows (a3e4375ee57cf31b37dd1b038fc67666)] -> xpath: //legend[normalize-space()='Your Personal Details']]
[INFO] 03-04-2026 20:39:29 [main] Log - Cu?n t?i ph?n t?: [[ChromeDriver: chrome on windows (a3e4375ee57cf31b37dd1b038fc67666)] -> xpath: //legend[normalize-space()='Your Password']]
[INFO] 03-04-2026 20:39:32 [main] Log - Cu?n t?i ph?n t?: [[ChromeDriver: chrome on windows (a3e4375ee57cf31b37dd1b038fc67666)] -> xpath: //a[@class='list-group-item'][normalize-space()='Logout']]
[INFO] 03-04-2026 20:39:49 [main] Log - Thông báo l?i: []
[ERROR] 03-04-2026 20:39:49 [main] Log - Test case registerNegativeBoundary is failed.
Đã chụp hình: registerNegativeBoundary
[ERROR] 03-04-2026 20:39:50 [main] Log - java.lang.AssertionError: L?i mong mu?n không tìm th?y: Password must be between 6 and 32 characters!
Thông báo th?c t?: [] expected [true] but found [false]
Đã chuyển đổi: D:\actions-runner\_work\AutomationOpenCart\AutomationOpenCart\export\videos\registerNegativeBoundary\registerNegativeBoundary_03-04-2026 20-39-27.mp4
]]></system-out>
  </testcase>
  <testcase name="registerNegativeBoundary[BOUNDARY, , Miller, boundary1@example.com, 7890123, BoundaryPass1, BoundaryPass1, First Name must be between 1 and 32 characters!](7)" classname="com.opencart.tests.RegisterTest" time="11.038">
    <system-out><![CDATA[[INFO] 03-04-2026 20:40:06 [main] Log - Running test case registerNegativeBoundary
width1536
height864
Đã ghi hình: registerNegativeBoundary
[INFO] 03-04-2026 20:40:07 [main] Log - Cu?n t?i ph?n t?: [[ChromeDriver: chrome on windows (a3e4375ee57cf31b37dd1b038fc67666)] -> xpath: //legend[normalize-space()='Your Personal Details']]
[INFO] 03-04-2026 20:40:09 [main] Log - Cu?n t?i ph?n t?: [[ChromeDriver: chrome on windows (a3e4375ee57cf31b37dd1b038fc67666)] -> xpath: //legend[normalize-space()='Your Password']]
[INFO] 03-04-2026 20:40:16 [main] Log - Thông báo l?i: [First Name must be between 1 and 32 characters!]
[INFO] 03-04-2026 20:40:16 [main] Log - Test case registerNegativeBoundary is passed.
Đã chuyển đổi: D:\actions-runner\_work\AutomationOpenCart\AutomationOpenCart\export\videos\registerNegativeBoundary\registerNegativeBoundary_03-04-2026 20-40-06.mp4
]]></system-out>
  </testcase>
  <testcase name="registerNegativeBoundary[BOUNDARY, Ivy, Nelson, boundary2@example.com, 123456789012345678901234567890123, BoundaryPass2, BoundaryPass2, Telephone must be between 3 and 32 characters!](8)" classname="com.opencart.tests.RegisterTest" time="10.921">
    <system-out><![CDATA[[INFO] 03-04-2026 20:40:17 [main] Log - Running test case registerNegativeBoundary
width1536
height864
Đã ghi hình: registerNegativeBoundary
[INFO] 03-04-2026 20:40:18 [main] Log - Cu?n t?i ph?n t?: [[ChromeDriver: chrome on windows (a3e4375ee57cf31b37dd1b038fc67666)] -> xpath: //legend[normalize-space()='Your Personal Details']]
[INFO] 03-04-2026 20:40:20 [main] Log - Cu?n t?i ph?n t?: [[ChromeDriver: chrome on windows (a3e4375ee57cf31b37dd1b038fc67666)] -> xpath: //legend[normalize-space()='Your Password']]
[INFO] 03-04-2026 20:40:27 [main] Log - Thông báo l?i: [Telephone must be between 3 and 32 characters!]
[INFO] 03-04-2026 20:40:27 [main] Log - Test case registerNegativeBoundary is passed.
Đã chuyển đổi: D:\actions-runner\_work\AutomationOpenCart\AutomationOpenCart\export\videos\registerNegativeBoundary\registerNegativeBoundary_03-04-2026 20-40-17.mp4
]]></system-out>
  </testcase>
</testsuite>