<?xml version="1.0" encoding="UTF-8"?>
<testsuite xmlns:xsi="http://www.w3.org/2001/XMLSchema-instance" xsi:noNamespaceSchemaLocation="https://maven.apache.org/surefire/maven-surefire-plugin/xsd/surefire-test-report-3.0.xsd" version="3.0" name="TestSuite" time="57.428" tests="10" errors="0" skipped="0" failures="2">
  <properties>
[...]
</properties>
  <testcase name="searchValidKeyword[HAPPY, iPhone](1)" classname="com.opencart.tests.SearchTest" time="3.055">
    <system-out><![CDATA[Reset login attempt thành công
[INFO] 07-04-2026 21:29:59 [main] Log - Kh?i t?o trình duy?t: chrome
[INFO] 07-04-2026 21:30:10 [main] Log - Running test case searchValidKeyword
width1536
height864
Đã ghi hình: searchValidKeyword
[INFO] 07-04-2026 21:30:12 [main] Log - ?ang xác th?c giá tr? ?úng...

[INFO] 07-04-2026 21:30:12 [main] Log - Giá tr? ?úng
[INFO] 07-04-2026 21:30:12 [main] Log - Test case searchValidKeyword is passed.
Đã chuyển đổi: D:\actions-runner\_work\AutomationOpenCart\AutomationOpenCart\export\videos\searchValidKeyword\searchValidKeyword_07-04-2026 21-30-10.mp4
]]></system-out>
    <system-err><![CDATA[Apr 07, 2026 9:30:03 PM org.openqa.selenium.devtools.CdpVersionFinder findNearestMatch
WARNING: Unable to find CDP implementation matching 146
Apr 07, 2026 9:30:03 PM org.openqa.selenium.chromium.ChromiumDriver lambda$new$4
WARNING: Unable to find version of CDP to use for 146.0.7680.178. You may need to include a dependency on a specific version of the CDP using something similar to `org.seleniumhq.selenium:selenium-devtools-v86:4.29.0` where the version ("v86") matches the version of the chromium-based browser you're using and the version number of the artifact is the same as Selenium's.
]]></system-err>
  </testcase>
  <testcase name="filterFromCategory" classname="com.opencart.tests.SearchTest" time="4.657">
    <failure message="Kiểm tra thất bại: Lỗi: Lọc theo danh mục không hiện sản phẩm" type="java.lang.RuntimeException"><![CDATA[java.lang.RuntimeException: Kiểm tra thất bại: Lỗi: Lọc theo danh mục không hiện sản phẩm
	at com.opencart.base.BasePage.assertTrue(BasePage.java:144)
	at com.opencart.tests.SearchTest.filterFromCategory(SearchTest.java:65)
	at java.base/jdk.internal.reflect.NativeMethodAccessorImpl.invoke0(Native Method)
	at java.base/jdk.internal.reflect.NativeMethodAccessorImpl.invoke(NativeMethodAccessorImpl.java:77)
	at java.base/jdk.internal.reflect.DelegatingMethodAccessorImpl.invoke(DelegatingMethodAccessorImpl.java:43)
	at java.base/java.lang.reflect.Method.invoke(Method.java:569)
	at org.testng.internal.MethodInvocationHelper.invokeMethod(MethodInvocationHelper.java:133)
	at org.testng.internal.TestInvoker.invokeMethod(TestInvoker.java:598)
	at org.testng.internal.TestInvoker.invokeTestMethod(TestInvoker.java:173)
	at org.testng.internal.MethodRunner.runInSequence(MethodRunner.java:46)
	at org.testng.internal.TestInvoker$MethodInvocationAgent.invoke(TestInvoker.java:824)
	at org.testng.internal.TestInvoker.invokeTestMethods(TestInvoker.java:146)
	at org.testng.internal.TestMethodWorker.invokeTestMethods(TestMethodWorker.java:146)
	at org.testng.internal.TestMethodWorker.run(TestMethodWorker.java:128)
	at java.base/java.util.ArrayList.forEach(ArrayList.java:1511)
	at org.testng.TestRunner.privateRun(TestRunner.java:794)
	at org.testng.TestRunner.run(TestRunner.java:596)
	at org.testng.SuiteRunner.runTest(SuiteRunner.java:377)
	at org.testng.SuiteRunner.runSequentially(SuiteRunner.java:371)
	at org.testng.SuiteRunner.privateRun(SuiteRunner.java:332)
	at org.testng.SuiteRunner.run(SuiteRunner.java:276)
	at org.testng.SuiteRunnerWorker.runSuite(SuiteRunnerWorker.java:53)
	at org.testng.SuiteRunnerWorker.run(SuiteRunnerWorker.java:96)
	at org.testng.TestNG.runSuitesSequentially(TestNG.java:1212)
	at org.testng.TestNG.runSuitesLocally(TestNG.java:1134)
	at org.testng.TestNG.runSuites(TestNG.java:1063)
	at org.testng.TestNG.run(TestNG.java:1031)
	at org.apache.maven.surefire.testng.TestNGExecutor.run(TestNGExecutor.java:308)
	at org.apache.maven.surefire.testng.TestNGXmlTestSuite.execute(TestNGXmlTestSuite.java:71)
	at org.apache.maven.surefire.testng.TestNGProvider.invoke(TestNGProvider.java:113)
	at org.apache.maven.surefire.booter.ForkedBooter.runSuitesInProcess(ForkedBooter.java:385)
	at org.apache.maven.surefire.booter.ForkedBooter.execute(ForkedBooter.java:162)
	at org.apache.maven.surefire.booter.ForkedBooter.run(ForkedBooter.java:507)
	at org.apache.maven.surefire.booter.ForkedBooter.main(ForkedBooter.java:495)
]]></failure>
    <system-out><![CDATA[[INFO] 07-04-2026 21:30:14 [main] Log - Running test case filterFromCategory
width1536
height864
Đã ghi hình: filterFromCategory
[INFO] 07-04-2026 21:30:17 [main] Log - ?ang xác th?c giá tr? ?úng...

[ERROR] 07-04-2026 21:30:17 [main] Log - Test case filterFromCategory is failed.
Đã chụp hình: filterFromCategory
[ERROR] 07-04-2026 21:30:17 [main] Log - java.lang.RuntimeException: Ki?m tra th?t b?i: L?i: L?c theo danh m?c không hi?n s?n ph?m
Đã chuyển đổi: D:\actions-runner\_work\AutomationOpenCart\AutomationOpenCart\export\videos\filterFromCategory\filterFromCategory_07-04-2026 21-30-14.mp4
]]></system-out>
  </testcase>
  <testcase name="searchInvalidKeyword[NEGATIVE, ](1)" classname="com.opencart.tests.SearchTest" time="1.8">
    <system-out><![CDATA[[INFO] 07-04-2026 21:30:19 [main] Log - Running test case searchInvalidKeyword
width1536
height864
Đã ghi hình: searchInvalidKeyword
[INFO] 07-04-2026 21:30:19 [main] Log - ?ang xác th?c giá tr? ?úng...

[INFO] 07-04-2026 21:30:19 [main] Log - Giá tr? ?úng
[INFO] 07-04-2026 21:30:19 [main] Log - Test case searchInvalidKeyword is passed.
Đã chuyển đổi: D:\actions-runner\_work\AutomationOpenCart\AutomationOpenCart\export\videos\searchInvalidKeyword\searchInvalidKeyword_07-04-2026 21-30-19.mp4
]]></system-out>
  </testcase>
  <testcase name="searchInvalidKeyword[NEGATIVE, Nokia](2)" classname="com.opencart.tests.SearchTest" time="1.9">
    <system-out><![CDATA[[INFO] 07-04-2026 21:30:20 [main] Log - Running test case searchInvalidKeyword
width1536
height864
Đã ghi hình: searchInvalidKeyword
[INFO] 07-04-2026 21:30:21 [main] Log - ?ang xác th?c giá tr? ?úng...

[INFO] 07-04-2026 21:30:21 [main] Log - Giá tr? ?úng
[INFO] 07-04-2026 21:30:21 [main] Log - Test case searchInvalidKeyword is passed.
Đã chuyển đổi: D:\actions-runner\_work\AutomationOpenCart\AutomationOpenCart\export\videos\searchInvalidKeyword\searchInvalidKeyword_07-04-2026 21-30-20.mp4
]]></system-out>
  </testcase>
  <testcase name="searchInvalidKeyword[NEGATIVE, DROP TABLE users;](3)" classname="com.opencart.tests.SearchTest" time="1.988">
    <system-out><![CDATA[[INFO] 07-04-2026 21:30:22 [main] Log - Running test case searchInvalidKeyword
width1536
height864
Đã ghi hình: searchInvalidKeyword
[INFO] 07-04-2026 21:30:23 [main] Log - ?ang xác th?c giá tr? ?úng...

[INFO] 07-04-2026 21:30:23 [main] Log - Giá tr? ?úng
[INFO] 07-04-2026 21:30:23 [main] Log - Test case searchInvalidKeyword is passed.
Đã chuyển đổi: D:\actions-runner\_work\AutomationOpenCart\AutomationOpenCart\export\videos\searchInvalidKeyword\searchInvalidKeyword_07-04-2026 21-30-22.mp4
]]></system-out>
  </testcase>
  <testcase name="searchInvalidKeyword[NEGATIVE, &lt;script&gt;alert(1)&lt;/script&gt;](4)" classname="com.opencart.tests.SearchTest" time="2.123">
    <system-out><![CDATA[[INFO] 07-04-2026 21:30:24 [main] Log - Running test case searchInvalidKeyword
width1536
height864
Đã ghi hình: searchInvalidKeyword
[INFO] 07-04-2026 21:30:25 [main] Log - ?ang xác th?c giá tr? ?úng...

[INFO] 07-04-2026 21:30:25 [main] Log - Giá tr? ?úng
[INFO] 07-04-2026 21:30:25 [main] Log - Test case searchInvalidKeyword is passed.
Đã chuyển đổi: D:\actions-runner\_work\AutomationOpenCart\AutomationOpenCart\export\videos\searchInvalidKeyword\searchInvalidKeyword_07-04-2026 21-30-24.mp4
]]></system-out>
  </testcase>
  <testcase name="searchInvalidKeyword[NEGATIVE, 123456](5)" classname="com.opencart.tests.SearchTest" time="1.952">
    <system-out><![CDATA[[INFO] 07-04-2026 21:30:27 [main] Log - Running test case searchInvalidKeyword
width1536
height864
Đã ghi hình: searchInvalidKeyword
[INFO] 07-04-2026 21:30:28 [main] Log - ?ang xác th?c giá tr? ?úng...

[INFO] 07-04-2026 21:30:28 [main] Log - Giá tr? ?úng
[INFO] 07-04-2026 21:30:28 [main] Log - Test case searchInvalidKeyword is passed.
Đã chuyển đổi: D:\actions-runner\_work\AutomationOpenCart\AutomationOpenCart\export\videos\searchInvalidKeyword\searchInvalidKeyword_07-04-2026 21-30-27.mp4
]]></system-out>
  </testcase>
  <testcase name="searchInvalidKeyword[BOUNDARY, i](6)" classname="com.opencart.tests.SearchTest" time="7.869">
    <failure message="Timed out after 5 seconds. Unable to locate the element" type="org.openqa.selenium.NoSuchElementException"><![CDATA[org.openqa.selenium.NoSuchElementException: Timed out after 5 seconds. Unable to locate the element
	at org.openqa.selenium.support.pagefactory.AjaxElementLocator.findElement(AjaxElementLocator.java:90)
	at org.openqa.selenium.support.pagefactory.internal.LocatingElementHandler.invoke(LocatingElementHandler.java:38)
	at jdk.proxy2/jdk.proxy2.$Proxy31.isDisplayed(Unknown Source)
	at com.opencart.pages.SearchPage.isDisplayMsg(SearchPage.java:75)
	at com.opencart.tests.SearchTest.searchInvalidKeyword(SearchTest.java:44)
	at java.base/jdk.internal.reflect.NativeMethodAccessorImpl.invoke0(Native Method)
	at java.base/jdk.internal.reflect.NativeMethodAccessorImpl.invoke(NativeMethodAccessorImpl.java:77)
	at java.base/jdk.internal.reflect.DelegatingMethodAccessorImpl.invoke(DelegatingMethodAccessorImpl.java:43)
	at java.base/java.lang.reflect.Method.invoke(Method.java:569)
	at org.testng.internal.MethodInvocationHelper.invokeMethod(MethodInvocationHelper.java:133)
	at org.testng.internal.TestInvoker.invokeMethod(TestInvoker.java:598)
	at org.testng.internal.TestInvoker.invokeTestMethod(TestInvoker.java:173)
	at org.testng.internal.MethodRunner.runInSequence(MethodRunner.java:46)
	at org.testng.internal.TestInvoker$MethodInvocationAgent.invoke(TestInvoker.java:824)
	at org.testng.internal.TestInvoker.invokeTestMethods(TestInvoker.java:146)
	at org.testng.internal.TestMethodWorker.invokeTestMethods(TestMethodWorker.java:146)
	at org.testng.internal.TestMethodWorker.run(TestMethodWorker.java:128)
	at java.base/java.util.ArrayList.forEach(ArrayList.java:1511)
	at org.testng.TestRunner.privateRun(TestRunner.java:794)
	at org.testng.TestRunner.run(TestRunner.java:596)
	at org.testng.SuiteRunner.runTest(SuiteRunner.java:377)
	at org.testng.SuiteRunner.runSequentially(SuiteRunner.java:371)
	at org.testng.SuiteRunner.privateRun(SuiteRunner.java:332)
	at org.testng.SuiteRunner.run(SuiteRunner.java:276)
	at org.testng.SuiteRunnerWorker.runSuite(SuiteRunnerWorker.java:53)
	at org.testng.SuiteRunnerWorker.run(SuiteRunnerWorker.java:96)
	at org.testng.TestNG.runSuitesSequentially(TestNG.java:1212)
	at org.testng.TestNG.runSuitesLocally(TestNG.java:1134)
	at org.testng.TestNG.runSuites(TestNG.java:1063)
	at org.testng.TestNG.run(TestNG.java:1031)
	at org.apache.maven.surefire.testng.TestNGExecutor.run(TestNGExecutor.java:308)
	at org.apache.maven.surefire.testng.TestNGXmlTestSuite.execute(TestNGXmlTestSuite.java:71)
	at org.apache.maven.surefire.testng.TestNGProvider.invoke(TestNGProvider.java:113)
	at org.apache.maven.surefire.booter.ForkedBooter.runSuitesInProcess(ForkedBooter.java:385)
	at org.apache.maven.surefire.booter.ForkedBooter.execute(ForkedBooter.java:162)
	at org.apache.maven.surefire.booter.ForkedBooter.run(ForkedBooter.java:507)
	at org.apache.maven.surefire.booter.ForkedBooter.main(ForkedBooter.java:495)
Caused by: org.openqa.selenium.NoSuchElementException: no such element: Unable to locate element: {"method":"xpath","selector":"//p[contains(text(),'There is no product that matches the search criter')]"}
  (Session info: chrome=146.0.7680.178)
For documentation on this error, please visit: https://www.selenium.dev/documentation/webdriver/troubleshooting/errors#no-such-element-exception
Build info: version: '4.29.0', revision: '5fc1ec94cb'
System info: os.name: 'Windows 11', os.arch: 'amd64', os.version: '10.0', java.version: '17.0.18'
Driver info: org.openqa.selenium.chrome.ChromeDriver
Command: [5b75b7a2cca95b245ab8cdc4f8f2a58a, findElement {value=//p[contains(text(),'There is no product that matches the search criter')], using=xpath}]
Capabilities {acceptInsecureCerts: false, browserName: chrome, browserVersion: 146.0.7680.178, chrome: {chromedriverVersion: 146.0.7680.165 (4b989da09e1..., userDataDir: C:\Users\velvet\AppData\Loc...}, fedcm:accounts: true, goog:chromeOptions: {debuggerAddress: localhost:63889}, goog:processID: 640, networkConnectionEnabled: false, pageLoadStrategy: normal, platformName: windows, proxy: Proxy(), se:cdp: ws://localhost:63889/devtoo..., se:cdpVersion: 146.0.7680.178, setWindowRect: true, strictFileInteractability: false, timeouts: {implicit: 0, pageLoad: 300000, script: 30000}, unhandledPromptBehavior: dismiss and notify, webauthn:extension:credBlob: true, webauthn:extension:largeBlob: true, webauthn:extension:minPinLength: true, webauthn:extension:prf: true, webauthn:virtualAuthenticators: true}
Session ID: 5b75b7a2cca95b245ab8cdc4f8f2a58a
	at jdk.internal.reflect.GeneratedConstructorAccessor29.newInstance(Unknown Source)
	at java.base/jdk.internal.reflect.DelegatingConstructorAccessorImpl.newInstance(DelegatingConstructorAccessorImpl.java:45)
	at java.base/java.lang.reflect.Constructor.newInstanceWithCaller(Constructor.java:500)
	at java.base/java.lang.reflect.Constructor.newInstance(Constructor.java:481)
	at org.openqa.selenium.remote.ErrorCodec.decode(ErrorCodec.java:167)
	at org.openqa.selenium.remote.codec.w3c.W3CHttpResponseCodec.decode(W3CHttpResponseCodec.java:138)
	at org.openqa.selenium.remote.codec.w3c.W3CHttpResponseCodec.decode(W3CHttpResponseCodec.java:50)
	at org.openqa.selenium.remote.HttpCommandExecutor.execute(HttpCommandExecutor.java:215)
	at org.openqa.selenium.remote.service.DriverCommandExecutor.invokeExecute(DriverCommandExecutor.java:216)
	at org.openqa.selenium.remote.service.DriverCommandExecutor.execute(DriverCommandExecutor.java:174)
	at org.openqa.selenium.remote.RemoteWebDriver.execute(RemoteWebDriver.java:545)
	at org.openqa.selenium.remote.ElementLocation$ElementFinder$2.findElement(ElementLocation.java:165)
	at org.openqa.selenium.remote.ElementLocation.findElement(ElementLocation.java:59)
	at org.openqa.selenium.remote.RemoteWebDriver.findElement(RemoteWebDriver.java:368)
	at org.openqa.selenium.remote.RemoteWebDriver.findElement(RemoteWebDriver.java:362)
	at org.openqa.selenium.support.pagefactory.DefaultElementLocator.findElement(DefaultElementLocator.java:68)
	at org.openqa.selenium.support.pagefactory.AjaxElementLocator.access$001(AjaxElementLocator.java:38)
	at org.openqa.selenium.support.pagefactory.AjaxElementLocator$SlowLoadingElement.isLoaded(AjaxElementLocator.java:156)
	at org.openqa.selenium.support.ui.SlowLoadableComponent.get(SlowLoadableComponent.java:79)
	at org.openqa.selenium.support.pagefactory.AjaxElementLocator.findElement(AjaxElementLocator.java:86)
	... 36 more
]]></failure>
    <system-out><![CDATA[[INFO] 07-04-2026 21:30:28 [main] Log - Running test case searchInvalidKeyword
width1536
height864
Đã ghi hình: searchInvalidKeyword
[ERROR] 07-04-2026 21:30:35 [main] Log - Test case searchInvalidKeyword is failed.
Đã chụp hình: searchInvalidKeyword
[ERROR] 07-04-2026 21:30:35 [main] Log - org.openqa.selenium.NoSuchElementException: Timed out after 5 seconds. Unable to locate the element
Đã chuyển đổi: D:\actions-runner\_work\AutomationOpenCart\AutomationOpenCart\export\videos\searchInvalidKeyword\searchInvalidKeyword_07-04-2026 21-30-28.mp4
]]></system-out>
  </testcase>
  <testcase name="searchInvalidKeyword[BOUNDARY, aaaaaaaaaaaaaaaaaaaaaaaaaaaaaaaaaaaaaaaaaaaaaaaaaaaaaaaaaaaaaaaaaaaaaaaaaaaaaaaaaaaaaaaaaaaaaaaaaaaaa](7)" classname="com.opencart.tests.SearchTest" time="2.281">
    <system-out><![CDATA[[INFO] 07-04-2026 21:30:36 [main] Log - Running test case searchInvalidKeyword
width1536
height864
Đã ghi hình: searchInvalidKeyword
[INFO] 07-04-2026 21:30:38 [main] Log - ?ang xác th?c giá tr? ?úng...

[INFO] 07-04-2026 21:30:38 [main] Log - Giá tr? ?úng
[INFO] 07-04-2026 21:30:38 [main] Log - Test case searchInvalidKeyword is passed.
Đã chuyển đổi: D:\actions-runner\_work\AutomationOpenCart\AutomationOpenCart\export\videos\searchInvalidKeyword\searchInvalidKeyword_07-04-2026 21-30-36.mp4
]]></system-out>
  </testcase>
  <testcase name="filterProduct" classname="com.opencart.tests.SearchTest" time="5.967">
    <system-out><![CDATA[[INFO] 07-04-2026 21:30:39 [main] Log - Running test case filterProduct
width1536
height864
Đã ghi hình: filterProduct
[INFO] 07-04-2026 21:30:41 [main] Log - ?ang xác th?c giá tr? ?úng...

[INFO] 07-04-2026 21:30:41 [main] Log - Giá tr? ?úng
[INFO] 07-04-2026 21:30:42 [main] Log - ?ang xác th?c giá tr? ?úng...

[INFO] 07-04-2026 21:30:42 [main] Log - Giá tr? ?úng
[INFO] 07-04-2026 21:30:42 [main] Log - ?ang xác th?c giá tr? ?úng...

[INFO] 07-04-2026 21:30:42 [main] Log - Giá tr? ?úng
[INFO] 07-04-2026 21:30:43 [main] Log - ?ang xác th?c giá tr? ?úng...

[INFO] 07-04-2026 21:30:43 [main] Log - Giá tr? ?úng
[INFO] 07-04-2026 21:30:43 [main] Log - Test case filterProduct is passed.
Đã chuyển đổi: D:\actions-runner\_work\AutomationOpenCart\AutomationOpenCart\export\videos\filterProduct\filterProduct_07-04-2026 21-30-39.mp4
]]></system-out>
  </testcase>
</testsuite>