<?xml version="1.0" encoding="UTF-8"?>
<testng-results ignored="0" total="8" passed="6" failed="2" skipped="0">
  <reporter-output>
  </reporter-output>
  <suite started-at="2026-03-17T21:24:25 ICT" name="Login Test Suite" finished-at="2026-03-17T21:24:58 ICT" duration-ms="33505">
    <groups>
    </groups>
    <test started-at="2026-03-17T21:24:25 ICT" name="Login Tests" finished-at="2026-03-17T21:24:58 ICT" duration-ms="33505">
      <class name="com.opencart.tests.LoginTest">
        <test-method is-config="true" signature="createDriver()[pri:0, instance:com.opencart.tests.LoginTest@4b2a30d]" started-at="2026-03-17T21:24:25 ICT" name="createDriver" finished-at="2026-03-17T21:24:31 ICT" duration-ms="6248" status="PASS">
          <reporter-output>
          </reporter-output>
        </test-method> <!-- createDriver -->
        <test-method is-config="true" signature="initPages()[pri:0, instance:com.opencart.tests.LoginTest@4b2a30d]" started-at="2026-03-17T21:24:31 ICT" name="initPages" finished-at="2026-03-17T21:24:31 ICT" duration-ms="357" status="PASS">
          <reporter-output>
          </reporter-output>
        </test-method> <!-- initPages -->
        <test-method signature="testLoginSuccess(java.lang.String,java.lang.String,java.lang.String,java.lang.String)[pri:1, instance:com.opencart.tests.LoginTest@4b2a30d]" started-at="2026-03-17T21:24:33 ICT" name="testLoginSuccess" data-provider="loginData" finished-at="2026-03-17T21:24:37 ICT" duration-ms="3591" status="PASS">
          <params>
            <param index="0">
              <value>
                <![CDATA[HAPPY]]>
              </value>
            </param>
            <param index="1">
              <value>
                <![CDATA[john068@mail.com]]>
              </value>
            </param>
            <param index="2">
              <value>
                <![CDATA[123456]]>
              </value>
            </param>
            <param index="3">
              <value>
                <![CDATA[Login successful]]>
              </value>
            </param>
          </params>
          <reporter-output>
          </reporter-output>
        </test-method> <!-- testLoginSuccess -->
        <test-method signature="testLoginSuccess(java.lang.String,java.lang.String,java.lang.String,java.lang.String)[pri:1, instance:com.opencart.tests.LoginTest@4b2a30d]" started-at="2026-03-17T21:24:38 ICT" name="testLoginSuccess" data-provider="loginData" finished-at="2026-03-17T21:24:41 ICT" duration-ms="2888" status="PASS">
          <params>
            <param index="0">
              <value>
                <![CDATA[HAPPY]]>
              </value>
            </param>
            <param index="1">
              <value>
                <![CDATA[john72@mail.com]]>
              </value>
            </param>
            <param index="2">
              <value>
                <![CDATA[abc123]]>
              </value>
            </param>
            <param index="3">
              <value>
                <![CDATA[Login successful]]>
              </value>
            </param>
          </params>
          <reporter-output>
          </reporter-output>
        </test-method> <!-- testLoginSuccess -->
        <test-method signature="testLoginNegativeBoundary(java.lang.String,java.lang.String,java.lang.String,java.lang.String)[pri:2, instance:com.opencart.tests.LoginTest@4b2a30d]" started-at="2026-03-17T21:24:42 ICT" name="testLoginNegativeBoundary" data-provider="loginData" finished-at="2026-03-17T21:24:43 ICT" duration-ms="1131" status="PASS">
          <params>
            <param index="0">
              <value>
                <![CDATA[NEGATIVE]]>
              </value>
            </param>
            <param index="1">
              <value>
                <![CDATA[notexist@mail.com]]>
              </value>
            </param>
            <param index="2">
              <value>
                <![CDATA[any123]]>
              </value>
            </param>
            <param index="3">
              <value>
                <![CDATA[Warning: No match for E-Mail Address and/or Password.]]>
              </value>
            </param>
          </params>
          <reporter-output>
          </reporter-output>
        </test-method> <!-- testLoginNegativeBoundary -->
        <test-method signature="testLoginNegativeBoundary(java.lang.String,java.lang.String,java.lang.String,java.lang.String)[pri:2, instance:com.opencart.tests.LoginTest@4b2a30d]" started-at="2026-03-17T21:24:44 ICT" name="testLoginNegativeBoundary" data-provider="loginData" finished-at="2026-03-17T21:24:45 ICT" duration-ms="1052" status="FAIL">
          <params>
            <param index="0">
              <value>
                <![CDATA[NEGATIVE]]>
              </value>
            </param>
            <param index="1">
              <value>
                <![CDATA[john068@mail.com]]>
              </value>
            </param>
            <param index="2">
              <value>
                <![CDATA[]]>
              </value>
            </param>
            <param index="3">
              <value>
                <![CDATA[Password must not be empty]]>
              </value>
            </param>
          </params>
          <exception class="java.lang.AssertionError">
            <message>
              <![CDATA[Lỗi mong muốn không tìm thấy: Password must not be empty
Thông báo thực tế: [Warning: No match for E-Mail Address and/or Password.] expected [true] but found [false]]]>
            </message>
            <full-stacktrace>
              <![CDATA[java.lang.AssertionError: Lỗi mong muốn không tìm thấy: Password must not be empty
Thông báo thực tế: [Warning: No match for E-Mail Address and/or Password.] expected [true] but found [false]
at org.testng.Assert.fail(Assert.java:99)
at org.testng.Assert.failNotEquals(Assert.java:1037)
at org.testng.Assert.assertTrue(Assert.java:45)
at com.opencart.pages.LoginPage.verifyErrorMessage(LoginPage.java:64)
at com.opencart.tests.LoginTest.testLoginNegativeBoundary(LoginTest.java:61)
at java.base/jdk.internal.reflect.NativeMethodAccessorImpl.invoke0(Native Method)
at java.base/jdk.internal.reflect.NativeMethodAccessorImpl.invoke(NativeMethodAccessorImpl.java:77)
at java.base/jdk.internal.reflect.DelegatingMethodAccessorImpl.invoke(DelegatingMethodAccessorImpl.java:43)
at java.base/java.lang.reflect.Method.invoke(Method.java:569)
at org.testng.internal.MethodInvocationHelper.invokeMethod(MethodInvocationHelper.java:133)
at org.testng.internal.TestInvoker.invokeMethod(TestInvoker.java:598)
at org.testng.internal.TestInvoker.invokeTestMethod(TestInvoker.java:173)
at org.testng.internal.MethodRunner.runInSequence(MethodRunner.java:46)
at org.testng.internal.TestInvoker$MethodInvocationAgent.invoke(TestInvoker.java:824)
at org.testng.internal.TestInvoker.invokeTestMethods(TestInvoker.java:146)
at org.testng.internal.TestMethodWorker.invokeTestMethods(TestMethodWorker.java:146)
at org.testng.internal.TestMethodWorker.run(TestMethodWorker.java:128)
at java.base/java.util.ArrayList.forEach(ArrayList.java:1511)
at org.testng.TestRunner.privateRun(TestRunner.java:794)
at org.testng.TestRunner.run(TestRunner.java:596)
at org.testng.SuiteRunner.runTest(SuiteRunner.java:377)
at org.testng.SuiteRunner.runSequentially(SuiteRunner.java:371)
at org.testng.SuiteRunner.privateRun(SuiteRunner.java:332)
at org.testng.SuiteRunner.run(SuiteRunner.java:276)
at org.testng.SuiteRunnerWorker.runSuite(SuiteRunnerWorker.java:53)
at org.testng.SuiteRunnerWorker.run(SuiteRunnerWorker.java:96)
at org.testng.TestNG.runSuitesSequentially(TestNG.java:1212)
at org.testng.TestNG.runSuitesLocally(TestNG.java:1134)
at org.testng.TestNG.runSuites(TestNG.java:1063)
at org.testng.TestNG.run(TestNG.java:1031)
at org.apache.maven.surefire.testng.TestNGExecutor.run(TestNGExecutor.java:308)
at org.apache.maven.surefire.testng.TestNGXmlTestSuite.execute(TestNGXmlTestSuite.java:71)
at org.apache.maven.surefire.testng.TestNGProvider.invoke(TestNGProvider.java:113)
at org.apache.maven.surefire.booter.ForkedBooter.runSuitesInProcess(ForkedBooter.java:385)
at org.apache.maven.surefire.booter.ForkedBooter.execute(ForkedBooter.java:162)
at org.apache.maven.surefire.booter.ForkedBooter.run(ForkedBooter.java:507)
at org.apache.maven.surefire.booter.ForkedBooter.main(ForkedBooter.java:495)
]]>
            </full-stacktrace>
          </exception> <!-- java.lang.AssertionError -->
          <reporter-output>
          </reporter-output>
        </test-method> <!-- testLoginNegativeBoundary -->
        <test-method signature="testLoginNegativeBoundary(java.lang.String,java.lang.String,java.lang.String,java.lang.String)[pri:2, instance:com.opencart.tests.LoginTest@4b2a30d]" started-at="2026-03-17T21:24:47 ICT" name="testLoginNegativeBoundary" data-provider="loginData" finished-at="2026-03-17T21:24:48 ICT" duration-ms="992" status="PASS">
          <params>
            <param index="0">
              <value>
                <![CDATA[NEGATIVE]]>
              </value>
            </param>
            <param index="1">
              <value>
                <![CDATA[john72@mail.com]]>
              </value>
            </param>
            <param index="2">
              <value>
                <![CDATA[wrongpass]]>
              </value>
            </param>
            <param index="3">
              <value>
                <![CDATA[Warning: No match for E-Mail Address and/or Password.]]>
              </value>
            </param>
          </params>
          <reporter-output>
          </reporter-output>
        </test-method> <!-- testLoginNegativeBoundary -->
        <test-method signature="testLoginNegativeBoundary(java.lang.String,java.lang.String,java.lang.String,java.lang.String)[pri:2, instance:com.opencart.tests.LoginTest@4b2a30d]" started-at="2026-03-17T21:24:48 ICT" name="testLoginNegativeBoundary" data-provider="loginData" finished-at="2026-03-17T21:24:50 ICT" duration-ms="1113" status="PASS">
          <params>
            <param index="0">
              <value>
                <![CDATA[BOUNDARY]]>
              </value>
            </param>
            <param index="1">
              <value>
                <![CDATA[' OR '1'='1]]>
              </value>
            </param>
            <param index="2">
              <value>
                <![CDATA[anything]]>
              </value>
            </param>
            <param index="3">
              <value>
                <![CDATA[Warning: No match for E-Mail Address and/or Password.]]>
              </value>
            </param>
          </params>
          <reporter-output>
          </reporter-output>
        </test-method> <!-- testLoginNegativeBoundary -->
        <test-method signature="testBlockLogin()[pri:3, instance:com.opencart.tests.LoginTest@4b2a30d]" started-at="2026-03-17T21:24:50 ICT" name="testBlockLogin" finished-at="2026-03-17T21:24:53 ICT" duration-ms="2398" status="PASS">
          <reporter-output>
          </reporter-output>
        </test-method> <!-- testBlockLogin -->
        <test-method signature="testLoginWhenLoginBlock()[pri:4, instance:com.opencart.tests.LoginTest@4b2a30d]" started-at="2026-03-17T21:24:54 ICT" name="testLoginWhenLoginBlock" finished-at="2026-03-17T21:24:57 ICT" duration-ms="2837" status="FAIL">
          <exception class="java.lang.RuntimeException">
            <message>
              <![CDATA[Kiểm tra thất bại: Lỗi: Login bị khóa vẫn đăng nhập được]]>
            </message>
            <full-stacktrace>
              <![CDATA[java.lang.RuntimeException: Kiểm tra thất bại: Lỗi: Login bị khóa vẫn đăng nhập được
at com.opencart.base.BasePage.assertTrue(BasePage.java:144)
at com.opencart.tests.LoginTest.testLoginWhenLoginBlock(LoginTest.java:89)
at java.base/jdk.internal.reflect.NativeMethodAccessorImpl.invoke0(Native Method)
at java.base/jdk.internal.reflect.NativeMethodAccessorImpl.invoke(NativeMethodAccessorImpl.java:77)
at java.base/jdk.internal.reflect.DelegatingMethodAccessorImpl.invoke(DelegatingMethodAccessorImpl.java:43)
at java.base/java.lang.reflect.Method.invoke(Method.java:569)
at org.testng.internal.MethodInvocationHelper.invokeMethod(MethodInvocationHelper.java:133)
at org.testng.internal.TestInvoker.invokeMethod(TestInvoker.java:598)
at org.testng.internal.TestInvoker.invokeTestMethod(TestInvoker.java:173)
at org.testng.internal.MethodRunner.runInSequence(MethodRunner.java:46)
at org.testng.internal.TestInvoker$MethodInvocationAgent.invoke(TestInvoker.java:824)
at org.testng.internal.TestInvoker.invokeTestMethods(TestInvoker.java:146)
at org.testng.internal.TestMethodWorker.invokeTestMethods(TestMethodWorker.java:146)
at org.testng.internal.TestMethodWorker.run(TestMethodWorker.java:128)
at java.base/java.util.ArrayList.forEach(ArrayList.java:1511)
at org.testng.TestRunner.privateRun(TestRunner.java:794)
at org.testng.TestRunner.run(TestRunner.java:596)
at org.testng.SuiteRunner.runTest(SuiteRunner.java:377)
at org.testng.SuiteRunner.runSequentially(SuiteRunner.java:371)
at org.testng.SuiteRunner.privateRun(SuiteRunner.java:332)
at org.testng.SuiteRunner.run(SuiteRunner.java:276)
at org.testng.SuiteRunnerWorker.runSuite(SuiteRunnerWorker.java:53)
at org.testng.SuiteRunnerWorker.run(SuiteRunnerWorker.java:96)
at org.testng.TestNG.runSuitesSequentially(TestNG.java:1212)
at org.testng.TestNG.runSuitesLocally(TestNG.java:1134)
at org.testng.TestNG.runSuites(TestNG.java:1063)
at org.testng.TestNG.run(TestNG.java:1031)
at org.apache.maven.surefire.testng.TestNGExecutor.run(TestNGExecutor.java:308)
at org.apache.maven.surefire.testng.TestNGXmlTestSuite.execute(TestNGXmlTestSuite.java:71)
at org.apache.maven.surefire.testng.TestNGProvider.invoke(TestNGProvider.java:113)
at org.apache.maven.surefire.booter.ForkedBooter.runSuitesInProcess(ForkedBooter.java:385)
at org.apache.maven.surefire.booter.ForkedBooter.execute(ForkedBooter.java:162)
at org.apache.maven.surefire.booter.ForkedBooter.run(ForkedBooter.java:507)
at org.apache.maven.surefire.booter.ForkedBooter.main(ForkedBooter.java:495)
]]>
            </full-stacktrace>
          </exception> <!-- java.lang.RuntimeException -->
          <reporter-output>
          </reporter-output>
        </test-method> <!-- testLoginWhenLoginBlock -->
        <test-method is-config="true" signature="closeDriver()[pri:0, instance:com.opencart.tests.LoginTest@4b2a30d]" started-at="2026-03-17T21:24:58 ICT" name="closeDriver" finished-at="2026-03-17T21:24:58 ICT" duration-ms="305" status="PASS">
          <reporter-output>
          </reporter-output>
        </test-method> <!-- closeDriver -->
      </class> <!-- com.opencart.tests.LoginTest -->
    </test> <!-- Login Tests -->
  </suite> <!-- Login Test Suite -->
</testng-results>
