<?xml version="1.0" encoding="UTF-8"?>
<!-- Generated by org.testng.reporters.JUnitReportReporter -->
<testsuite hostname="LAPTOP-PV3EPHCH" failures="0" tests="8" name="com.opencart.tests.SearchTest" time="8.069" errors="1" timestamp="2026-03-15T11:02:56 ICT" skipped="0">
  <testcase classname="com.opencart.tests.SearchTest" name="searchValidKeyword" time="0.633"/>
  <system-out/>
  <testcase classname="com.opencart.tests.SearchTest" name="searchValidKeyword" time="1.423"/>
  <system-out/>
  <testcase classname="com.opencart.tests.SearchTest" name="searchValidKeyword" time="0.582"/>
  <system-out/>
  <testcase classname="com.opencart.tests.SearchTest" name="searchInvalidKeyword" time="0.474"/>
  <system-out/>
  <testcase classname="com.opencart.tests.SearchTest" name="searchInvalidKeyword" time="0.524"/>
  <system-out/>
  <testcase classname="com.opencart.tests.SearchTest" name="searchInvalidKeyword" time="0.513"/>
  <system-out/>
  <testcase classname="com.opencart.tests.SearchTest" name="filterFromCategory" time="1.051">
    <error message="Kiểm tra thất bại: Lỗi: Lọc theo danh mục không hiện sản phẩm" type="java.lang.RuntimeException">
      <![CDATA[java.lang.RuntimeException: Kiểm tra thất bại: Lỗi: Lọc theo danh mục không hiện sản phẩm
at com.opencart.base.BasePage.assertTrue(BasePage.java:141)
at com.opencart.tests.SearchTest.filterFromCategory(SearchTest.java:65)
at java.base/jdk.internal.reflect.NativeMethodAccessorImpl.invoke0(Native Method)
at java.base/jdk.internal.reflect.NativeMethodAccessorImpl.invoke(NativeMethodAccessorImpl.java:77)
at java.base/jdk.internal.reflect.DelegatingMethodAccessorImpl.invoke(DelegatingMethodAccessorImpl.java:43)
at java.base/java.lang.reflect.Method.invoke(Method.java:569)
at org.testng.internal.MethodInvocationHelper.invokeMethod(MethodInvocationHelper.java:133)
at org.testng.internal.TestInvoker.invokeMethod(TestInvoker.java:598)
at org.testng.internal.TestInvoker.invokeTestMethod(TestInvoker.java:173)
at org.testng.internal.MethodRunner.runInSequence(MethodRunner.java:46)
at org.testng.internal.TestInvoker$MethodInvocationAgent.invoke(TestInvoker.java:824)
at org.testng.internal.TestInvoker.invokeTestMethods(TestInvoker.java:146)
at org.testng.internal.TestMethodWorker.invokeTestMethods(TestMethodWorker.java:146)
at org.testng.internal.TestMethodWorker.run(TestMethodWorker.java:128)
at java.base/java.util.ArrayList.forEach(ArrayList.java:1511)
at org.testng.TestRunner.privateRun(TestRunner.java:794)
at org.testng.TestRunner.run(TestRunner.java:596)
at org.testng.SuiteRunner.runTest(SuiteRunner.java:377)
at org.testng.SuiteRunner.runSequentially(SuiteRunner.java:371)
at org.testng.SuiteRunner.privateRun(SuiteRunner.java:332)
at org.testng.SuiteRunner.run(SuiteRunner.java:276)
at org.testng.SuiteRunnerWorker.runSuite(SuiteRunnerWorker.java:53)
at org.testng.SuiteRunnerWorker.run(SuiteRunnerWorker.java:96)
at org.testng.TestNG.runSuitesSequentially(TestNG.java:1212)
at org.testng.TestNG.runSuitesLocally(TestNG.java:1134)
at org.testng.TestNG.runSuites(TestNG.java:1063)
at org.testng.TestNG.run(TestNG.java:1031)
at org.apache.maven.surefire.testng.TestNGExecutor.run(TestNGExecutor.java:308)
at org.apache.maven.surefire.testng.TestNGXmlTestSuite.execute(TestNGXmlTestSuite.java:71)
at org.apache.maven.surefire.testng.TestNGProvider.invoke(TestNGProvider.java:113)
at org.apache.maven.surefire.booter.ForkedBooter.runSuitesInProcess(ForkedBooter.java:385)
at org.apache.maven.surefire.booter.ForkedBooter.execute(ForkedBooter.java:162)
at org.apache.maven.surefire.booter.ForkedBooter.run(ForkedBooter.java:507)
at org.apache.maven.surefire.booter.ForkedBooter.main(ForkedBooter.java:495)
]]>
    </error>
  </testcase> <!-- filterFromCategory -->
  <system-out/>
  <testcase classname="com.opencart.tests.SearchTest" name="filterProduct" time="2.869"/>
  <system-out/>
</testsuite> <!-- com.opencart.tests.SearchTest -->
